desc: --massif-out-file=massif.out
cmd: ./bin/bin.exe -i maze.txt
time_unit: i
#-----------
snapshot=0
#-----------
time=0
mem_heap_B=0
mem_heap_extra_B=0
mem_stacks_B=0
heap_tree=empty
#-----------
snapshot=1
#-----------
time=755054
mem_heap_B=9907
mem_heap_extra_B=117
mem_stacks_B=0
heap_tree=detailed
n3: 9907 (heap allocation functions) malloc/new/new[], --alloc-fns, etc.
 n1: 8192 0x48C548B: _IO_file_doallocate (filedoalloc.c:101)
  n1: 8192 0x48D40BF: _IO_doallocbuf (genops.c:347)
   n2: 8192 0x48D40BF: _IO_doallocbuf (genops.c:342)
    n1: 4096 0x48D2E7B: _IO_file_underflow@@GLIBC_2.2.5 (fileops.c:485)
     n1: 4096 0x48D4171: _IO_default_uflow (genops.c:362)
      n1: 4096 0x109876: readLineBit (in /mnt/c/Users/golas/JIMP/LabiryntJimp2/bin/bin.exe)
       n1: 4096 0x109CA1: parseFile (in /mnt/c/Users/golas/JIMP/LabiryntJimp2/bin/bin.exe)
        n0: 4096 0x10953F: main (in /mnt/c/Users/golas/JIMP/LabiryntJimp2/bin/bin.exe)
    n1: 4096 0x48D3157: _IO_file_overflow@@GLIBC_2.2.5 (fileops.c:744)
     n1: 4096 0x48D229D: _IO_new_file_xsputn (fileops.c:1243)
      n1: 4096 0x48D229D: _IO_file_xsputn@@GLIBC_2.2.5 (fileops.c:1196)
       n1: 4096 0x48C6A64: fwrite (iofwrite.c:39)
        n1: 4096 0x109D03: parseFile (in /mnt/c/Users/golas/JIMP/LabiryntJimp2/bin/bin.exe)
         n0: 4096 0x10953F: main (in /mnt/c/Users/golas/JIMP/LabiryntJimp2/bin/bin.exe)
 n1: 944 0x48C5F7A: __fopen_internal (iofopen.c:65)
  n2: 944 0x10A090: openFile (in /mnt/c/Users/golas/JIMP/LabiryntJimp2/bin/bin.exe)
   n1: 472 0x109C2A: parseFile (in /mnt/c/Users/golas/JIMP/LabiryntJimp2/bin/bin.exe)
    n0: 472 0x10953F: main (in /mnt/c/Users/golas/JIMP/LabiryntJimp2/bin/bin.exe)
   n1: 472 0x109C47: parseFile (in /mnt/c/Users/golas/JIMP/LabiryntJimp2/bin/bin.exe)
    n0: 472 0x10953F: main (in /mnt/c/Users/golas/JIMP/LabiryntJimp2/bin/bin.exe)
 n3: 771 0x109628: readLineBit (in /mnt/c/Users/golas/JIMP/LabiryntJimp2/bin/bin.exe)
  n1: 257 0x109CA1: parseFile (in /mnt/c/Users/golas/JIMP/LabiryntJimp2/bin/bin.exe)
   n0: 257 0x10953F: main (in /mnt/c/Users/golas/JIMP/LabiryntJimp2/bin/bin.exe)
  n1: 257 0x109CBF: parseFile (in /mnt/c/Users/golas/JIMP/LabiryntJimp2/bin/bin.exe)
   n0: 257 0x10953F: main (in /mnt/c/Users/golas/JIMP/LabiryntJimp2/bin/bin.exe)
  n1: 257 0x109CDD: parseFile (in /mnt/c/Users/golas/JIMP/LabiryntJimp2/bin/bin.exe)
   n0: 257 0x10953F: main (in /mnt/c/Users/golas/JIMP/LabiryntJimp2/bin/bin.exe)
#-----------
snapshot=2
#-----------
time=5089317
mem_heap_B=9650
mem_heap_extra_B=94
mem_stacks_B=0
heap_tree=empty
#-----------
snapshot=3
#-----------
time=8556456
mem_heap_B=9650
mem_heap_extra_B=94
mem_stacks_B=0
heap_tree=empty
#-----------
snapshot=4
#-----------
time=12890214
mem_heap_B=9650
mem_heap_extra_B=94
mem_stacks_B=0
heap_tree=empty
#-----------
snapshot=5
#-----------
time=16357423
mem_heap_B=9650
mem_heap_extra_B=94
mem_stacks_B=0
heap_tree=empty
#-----------
snapshot=6
#-----------
time=19824544
mem_heap_B=9650
mem_heap_extra_B=94
mem_stacks_B=0
heap_tree=empty
#-----------
snapshot=7
#-----------
time=22425107
mem_heap_B=9650
mem_heap_extra_B=94
mem_stacks_B=0
heap_tree=empty
#-----------
snapshot=8
#-----------
time=25025325
mem_heap_B=9650
mem_heap_extra_B=94
mem_stacks_B=0
heap_tree=empty
#-----------
snapshot=9
#-----------
time=28492470
mem_heap_B=9650
mem_heap_extra_B=94
mem_stacks_B=0
heap_tree=empty
#-----------
snapshot=10
#-----------
time=31959632
mem_heap_B=9650
mem_heap_extra_B=94
mem_stacks_B=0
heap_tree=empty
#-----------
snapshot=11
#-----------
time=36293752
mem_heap_B=9650
mem_heap_extra_B=94
mem_stacks_B=0
heap_tree=detailed
n3: 9650 (heap allocation functions) malloc/new/new[], --alloc-fns, etc.
 n1: 8192 0x48C548B: _IO_file_doallocate (filedoalloc.c:101)
  n1: 8192 0x48D40BF: _IO_doallocbuf (genops.c:347)
   n2: 8192 0x48D40BF: _IO_doallocbuf (genops.c:342)
    n1: 4096 0x48D2E7B: _IO_file_underflow@@GLIBC_2.2.5 (fileops.c:485)
     n1: 4096 0x48D4171: _IO_default_uflow (genops.c:362)
      n1: 4096 0x109876: readLineBit (in /mnt/c/Users/golas/JIMP/LabiryntJimp2/bin/bin.exe)
       n1: 4096 0x109CA1: parseFile (in /mnt/c/Users/golas/JIMP/LabiryntJimp2/bin/bin.exe)
        n0: 4096 0x10953F: main (in /mnt/c/Users/golas/JIMP/LabiryntJimp2/bin/bin.exe)
    n1: 4096 0x48D3157: _IO_file_overflow@@GLIBC_2.2.5 (fileops.c:744)
     n1: 4096 0x48D229D: _IO_new_file_xsputn (fileops.c:1243)
      n1: 4096 0x48D229D: _IO_file_xsputn@@GLIBC_2.2.5 (fileops.c:1196)
       n1: 4096 0x48C6A64: fwrite (iofwrite.c:39)
        n1: 4096 0x109D03: parseFile (in /mnt/c/Users/golas/JIMP/LabiryntJimp2/bin/bin.exe)
         n0: 4096 0x10953F: main (in /mnt/c/Users/golas/JIMP/LabiryntJimp2/bin/bin.exe)
 n1: 944 0x48C5F7A: __fopen_internal (iofopen.c:65)
  n2: 944 0x10A090: openFile (in /mnt/c/Users/golas/JIMP/LabiryntJimp2/bin/bin.exe)
   n1: 472 0x109C2A: parseFile (in /mnt/c/Users/golas/JIMP/LabiryntJimp2/bin/bin.exe)
    n0: 472 0x10953F: main (in /mnt/c/Users/golas/JIMP/LabiryntJimp2/bin/bin.exe)
   n1: 472 0x109C47: parseFile (in /mnt/c/Users/golas/JIMP/LabiryntJimp2/bin/bin.exe)
    n0: 472 0x10953F: main (in /mnt/c/Users/golas/JIMP/LabiryntJimp2/bin/bin.exe)
 n2: 514 0x109628: readLineBit (in /mnt/c/Users/golas/JIMP/LabiryntJimp2/bin/bin.exe)
  n1: 514 0x109D5D: parseFile (in /mnt/c/Users/golas/JIMP/LabiryntJimp2/bin/bin.exe)
   n0: 514 0x10953F: main (in /mnt/c/Users/golas/JIMP/LabiryntJimp2/bin/bin.exe)
  n0: 0 in 3 places, all below massif's threshold (1.00%)
#-----------
snapshot=12
#-----------
time=39760918
mem_heap_B=9650
mem_heap_extra_B=94
mem_stacks_B=0
heap_tree=empty
#-----------
snapshot=13
#-----------
time=43228087
mem_heap_B=9650
mem_heap_extra_B=94
mem_stacks_B=0
heap_tree=empty
#-----------
snapshot=14
#-----------
time=45828309
mem_heap_B=9650
mem_heap_extra_B=94
mem_stacks_B=0
heap_tree=empty
#-----------
snapshot=15
#-----------
time=48428844
mem_heap_B=9650
mem_heap_extra_B=94
mem_stacks_B=0
heap_tree=empty
#-----------
snapshot=16
#-----------
time=52762609
mem_heap_B=9650
mem_heap_extra_B=94
mem_stacks_B=0
heap_tree=empty
#-----------
snapshot=17
#-----------
time=55363194
mem_heap_B=9650
mem_heap_extra_B=94
mem_stacks_B=0
heap_tree=empty
#-----------
snapshot=18
#-----------
time=58830340
mem_heap_B=9650
mem_heap_extra_B=94
mem_stacks_B=0
heap_tree=empty
#-----------
snapshot=19
#-----------
time=64031080
mem_heap_B=9650
mem_heap_extra_B=94
mem_stacks_B=0
heap_tree=empty
#-----------
snapshot=20
#-----------
time=67498241
mem_heap_B=9650
mem_heap_extra_B=94
mem_stacks_B=0
heap_tree=empty
#-----------
snapshot=21
#-----------
time=72698993
mem_heap_B=9650
mem_heap_extra_B=94
mem_stacks_B=0
heap_tree=empty
#-----------
snapshot=22
#-----------
time=76166147
mem_heap_B=9650
mem_heap_extra_B=94
mem_stacks_B=0
heap_tree=empty
#-----------
snapshot=23
#-----------
time=78766361
mem_heap_B=9650
mem_heap_extra_B=94
mem_stacks_B=0
heap_tree=empty
#-----------
snapshot=24
#-----------
time=82233541
mem_heap_B=9650
mem_heap_extra_B=94
mem_stacks_B=0
heap_tree=empty
#-----------
snapshot=25
#-----------
time=85700679
mem_heap_B=9650
mem_heap_extra_B=94
mem_stacks_B=0
heap_tree=empty
#-----------
snapshot=26
#-----------
time=90901425
mem_heap_B=9650
mem_heap_extra_B=94
mem_stacks_B=0
heap_tree=empty
#-----------
snapshot=27
#-----------
time=94368577
mem_heap_B=9650
mem_heap_extra_B=94
mem_stacks_B=0
heap_tree=empty
#-----------
snapshot=28
#-----------
time=96969136
mem_heap_B=9650
mem_heap_extra_B=94
mem_stacks_B=0
heap_tree=detailed
n3: 9650 (heap allocation functions) malloc/new/new[], --alloc-fns, etc.
 n1: 8192 0x48C548B: _IO_file_doallocate (filedoalloc.c:101)
  n1: 8192 0x48D40BF: _IO_doallocbuf (genops.c:347)
   n2: 8192 0x48D40BF: _IO_doallocbuf (genops.c:342)
    n1: 4096 0x48D2E7B: _IO_file_underflow@@GLIBC_2.2.5 (fileops.c:485)
     n1: 4096 0x48D4171: _IO_default_uflow (genops.c:362)
      n1: 4096 0x109876: readLineBit (in /mnt/c/Users/golas/JIMP/LabiryntJimp2/bin/bin.exe)
       n1: 4096 0x109CA1: parseFile (in /mnt/c/Users/golas/JIMP/LabiryntJimp2/bin/bin.exe)
        n0: 4096 0x10953F: main (in /mnt/c/Users/golas/JIMP/LabiryntJimp2/bin/bin.exe)
    n1: 4096 0x48D3157: _IO_file_overflow@@GLIBC_2.2.5 (fileops.c:744)
     n1: 4096 0x48D229D: _IO_new_file_xsputn (fileops.c:1243)
      n1: 4096 0x48D229D: _IO_file_xsputn@@GLIBC_2.2.5 (fileops.c:1196)
       n1: 4096 0x48C6A64: fwrite (iofwrite.c:39)
        n1: 4096 0x109D03: parseFile (in /mnt/c/Users/golas/JIMP/LabiryntJimp2/bin/bin.exe)
         n0: 4096 0x10953F: main (in /mnt/c/Users/golas/JIMP/LabiryntJimp2/bin/bin.exe)
 n1: 944 0x48C5F7A: __fopen_internal (iofopen.c:65)
  n2: 944 0x10A090: openFile (in /mnt/c/Users/golas/JIMP/LabiryntJimp2/bin/bin.exe)
   n1: 472 0x109C2A: parseFile (in /mnt/c/Users/golas/JIMP/LabiryntJimp2/bin/bin.exe)
    n0: 472 0x10953F: main (in /mnt/c/Users/golas/JIMP/LabiryntJimp2/bin/bin.exe)
   n1: 472 0x109C47: parseFile (in /mnt/c/Users/golas/JIMP/LabiryntJimp2/bin/bin.exe)
    n0: 472 0x10953F: main (in /mnt/c/Users/golas/JIMP/LabiryntJimp2/bin/bin.exe)
 n2: 514 0x109628: readLineBit (in /mnt/c/Users/golas/JIMP/LabiryntJimp2/bin/bin.exe)
  n1: 514 0x109D5D: parseFile (in /mnt/c/Users/golas/JIMP/LabiryntJimp2/bin/bin.exe)
   n0: 514 0x10953F: main (in /mnt/c/Users/golas/JIMP/LabiryntJimp2/bin/bin.exe)
  n0: 0 in 3 places, all below massif's threshold (1.00%)
#-----------
snapshot=29
#-----------
time=100436285
mem_heap_B=9650
mem_heap_extra_B=94
mem_stacks_B=0
heap_tree=empty
#-----------
snapshot=30
#-----------
time=103903461
mem_heap_B=9650
mem_heap_extra_B=94
mem_stacks_B=0
heap_tree=empty
#-----------
snapshot=31
#-----------
time=106503659
mem_heap_B=9650
mem_heap_extra_B=94
mem_stacks_B=0
heap_tree=empty
#-----------
snapshot=32
#-----------
time=109970841
mem_heap_B=9650
mem_heap_extra_B=94
mem_stacks_B=0
heap_tree=empty
#-----------
snapshot=33
#-----------
time=113438012
mem_heap_B=9650
mem_heap_extra_B=94
mem_stacks_B=0
heap_tree=empty
#-----------
snapshot=34
#-----------
time=116905137
mem_heap_B=9650
mem_heap_extra_B=94
mem_stacks_B=0
heap_tree=detailed
n3: 9650 (heap allocation functions) malloc/new/new[], --alloc-fns, etc.
 n1: 8192 0x48C548B: _IO_file_doallocate (filedoalloc.c:101)
  n1: 8192 0x48D40BF: _IO_doallocbuf (genops.c:347)
   n2: 8192 0x48D40BF: _IO_doallocbuf (genops.c:342)
    n1: 4096 0x48D2E7B: _IO_file_underflow@@GLIBC_2.2.5 (fileops.c:485)
     n1: 4096 0x48D4171: _IO_default_uflow (genops.c:362)
      n1: 4096 0x109876: readLineBit (in /mnt/c/Users/golas/JIMP/LabiryntJimp2/bin/bin.exe)
       n1: 4096 0x109CA1: parseFile (in /mnt/c/Users/golas/JIMP/LabiryntJimp2/bin/bin.exe)
        n0: 4096 0x10953F: main (in /mnt/c/Users/golas/JIMP/LabiryntJimp2/bin/bin.exe)
    n1: 4096 0x48D3157: _IO_file_overflow@@GLIBC_2.2.5 (fileops.c:744)
     n1: 4096 0x48D229D: _IO_new_file_xsputn (fileops.c:1243)
      n1: 4096 0x48D229D: _IO_file_xsputn@@GLIBC_2.2.5 (fileops.c:1196)
       n1: 4096 0x48C6A64: fwrite (iofwrite.c:39)
        n1: 4096 0x109D03: parseFile (in /mnt/c/Users/golas/JIMP/LabiryntJimp2/bin/bin.exe)
         n0: 4096 0x10953F: main (in /mnt/c/Users/golas/JIMP/LabiryntJimp2/bin/bin.exe)
 n1: 944 0x48C5F7A: __fopen_internal (iofopen.c:65)
  n2: 944 0x10A090: openFile (in /mnt/c/Users/golas/JIMP/LabiryntJimp2/bin/bin.exe)
   n1: 472 0x109C2A: parseFile (in /mnt/c/Users/golas/JIMP/LabiryntJimp2/bin/bin.exe)
    n0: 472 0x10953F: main (in /mnt/c/Users/golas/JIMP/LabiryntJimp2/bin/bin.exe)
   n1: 472 0x109C47: parseFile (in /mnt/c/Users/golas/JIMP/LabiryntJimp2/bin/bin.exe)
    n0: 472 0x10953F: main (in /mnt/c/Users/golas/JIMP/LabiryntJimp2/bin/bin.exe)
 n2: 514 0x109628: readLineBit (in /mnt/c/Users/golas/JIMP/LabiryntJimp2/bin/bin.exe)
  n1: 514 0x109D5D: parseFile (in /mnt/c/Users/golas/JIMP/LabiryntJimp2/bin/bin.exe)
   n0: 514 0x10953F: main (in /mnt/c/Users/golas/JIMP/LabiryntJimp2/bin/bin.exe)
  n0: 0 in 3 places, all below massif's threshold (1.00%)
#-----------
snapshot=35
#-----------
time=120372298
mem_heap_B=9650
mem_heap_extra_B=94
mem_stacks_B=0
heap_tree=empty
#-----------
snapshot=36
#-----------
time=122539112
mem_heap_B=9650
mem_heap_extra_B=94
mem_stacks_B=0
heap_tree=empty
#-----------
snapshot=37
#-----------
time=126006261
mem_heap_B=9650
mem_heap_extra_B=94
mem_stacks_B=0
heap_tree=empty
#-----------
snapshot=38
#-----------
time=129473450
mem_heap_B=9650
mem_heap_extra_B=94
mem_stacks_B=0
heap_tree=empty
#-----------
snapshot=39
#-----------
time=132940614
mem_heap_B=9650
mem_heap_extra_B=94
mem_stacks_B=0
heap_tree=empty
#-----------
snapshot=40
#-----------
time=136407759
mem_heap_B=9650
mem_heap_extra_B=94
mem_stacks_B=0
heap_tree=empty
#-----------
snapshot=41
#-----------
time=139874914
mem_heap_B=9650
mem_heap_extra_B=94
mem_stacks_B=0
heap_tree=detailed
n3: 9650 (heap allocation functions) malloc/new/new[], --alloc-fns, etc.
 n1: 8192 0x48C548B: _IO_file_doallocate (filedoalloc.c:101)
  n1: 8192 0x48D40BF: _IO_doallocbuf (genops.c:347)
   n2: 8192 0x48D40BF: _IO_doallocbuf (genops.c:342)
    n1: 4096 0x48D2E7B: _IO_file_underflow@@GLIBC_2.2.5 (fileops.c:485)
     n1: 4096 0x48D4171: _IO_default_uflow (genops.c:362)
      n1: 4096 0x109876: readLineBit (in /mnt/c/Users/golas/JIMP/LabiryntJimp2/bin/bin.exe)
       n1: 4096 0x109CA1: parseFile (in /mnt/c/Users/golas/JIMP/LabiryntJimp2/bin/bin.exe)
        n0: 4096 0x10953F: main (in /mnt/c/Users/golas/JIMP/LabiryntJimp2/bin/bin.exe)
    n1: 4096 0x48D3157: _IO_file_overflow@@GLIBC_2.2.5 (fileops.c:744)
     n1: 4096 0x48D229D: _IO_new_file_xsputn (fileops.c:1243)
      n1: 4096 0x48D229D: _IO_file_xsputn@@GLIBC_2.2.5 (fileops.c:1196)
       n1: 4096 0x48C6A64: fwrite (iofwrite.c:39)
        n1: 4096 0x109D03: parseFile (in /mnt/c/Users/golas/JIMP/LabiryntJimp2/bin/bin.exe)
         n0: 4096 0x10953F: main (in /mnt/c/Users/golas/JIMP/LabiryntJimp2/bin/bin.exe)
 n1: 944 0x48C5F7A: __fopen_internal (iofopen.c:65)
  n2: 944 0x10A090: openFile (in /mnt/c/Users/golas/JIMP/LabiryntJimp2/bin/bin.exe)
   n1: 472 0x109C2A: parseFile (in /mnt/c/Users/golas/JIMP/LabiryntJimp2/bin/bin.exe)
    n0: 472 0x10953F: main (in /mnt/c/Users/golas/JIMP/LabiryntJimp2/bin/bin.exe)
   n1: 472 0x109C47: parseFile (in /mnt/c/Users/golas/JIMP/LabiryntJimp2/bin/bin.exe)
    n0: 472 0x10953F: main (in /mnt/c/Users/golas/JIMP/LabiryntJimp2/bin/bin.exe)
 n2: 514 0x109628: readLineBit (in /mnt/c/Users/golas/JIMP/LabiryntJimp2/bin/bin.exe)
  n1: 514 0x109D5D: parseFile (in /mnt/c/Users/golas/JIMP/LabiryntJimp2/bin/bin.exe)
   n0: 514 0x10953F: main (in /mnt/c/Users/golas/JIMP/LabiryntJimp2/bin/bin.exe)
  n0: 0 in 3 places, all below massif's threshold (1.00%)
#-----------
snapshot=42
#-----------
time=144642456
mem_heap_B=9650
mem_heap_extra_B=94
mem_stacks_B=0
heap_tree=empty
#-----------
snapshot=43
#-----------
time=146809274
mem_heap_B=9650
mem_heap_extra_B=94
mem_stacks_B=0
heap_tree=empty
#-----------
snapshot=44
#-----------
time=150710190
mem_heap_B=9650
mem_heap_extra_B=94
mem_stacks_B=0
heap_tree=empty
#-----------
snapshot=45
#-----------
time=154610380
mem_heap_B=9650
mem_heap_extra_B=94
mem_stacks_B=0
heap_tree=empty
#-----------
snapshot=46
#-----------
time=157210740
mem_heap_B=9650
mem_heap_extra_B=94
mem_stacks_B=0
heap_tree=empty
#-----------
snapshot=47
#-----------
time=159811153
mem_heap_B=9650
mem_heap_extra_B=94
mem_stacks_B=0
heap_tree=empty
#-----------
snapshot=48
#-----------
time=163712004
mem_heap_B=9650
mem_heap_extra_B=94
mem_stacks_B=0
heap_tree=empty
#-----------
snapshot=49
#-----------
time=166312419
mem_heap_B=9650
mem_heap_extra_B=94
mem_stacks_B=0
heap_tree=empty
#-----------
snapshot=50
#-----------
time=168912753
mem_heap_B=9650
mem_heap_extra_B=94
mem_stacks_B=0
heap_tree=empty
#-----------
snapshot=51
#-----------
time=171513146
mem_heap_B=9650
mem_heap_extra_B=94
mem_stacks_B=0
heap_tree=empty
#-----------
snapshot=52
#-----------
time=174113529
mem_heap_B=9650
mem_heap_extra_B=94
mem_stacks_B=0
heap_tree=empty
#-----------
snapshot=53
#-----------
time=176713913
mem_heap_B=9650
mem_heap_extra_B=94
mem_stacks_B=0
heap_tree=empty
#-----------
snapshot=54
#-----------
time=179314241
mem_heap_B=9650
mem_heap_extra_B=94
mem_stacks_B=0
heap_tree=empty
#-----------
snapshot=55
#-----------
time=181914664
mem_heap_B=9650
mem_heap_extra_B=94
mem_stacks_B=0
heap_tree=empty
#-----------
snapshot=56
#-----------
time=184515012
mem_heap_B=9650
mem_heap_extra_B=94
mem_stacks_B=0
heap_tree=empty
#-----------
snapshot=57
#-----------
time=187115400
mem_heap_B=9650
mem_heap_extra_B=94
mem_stacks_B=0
heap_tree=empty
#-----------
snapshot=58
#-----------
time=189715749
mem_heap_B=9650
mem_heap_extra_B=94
mem_stacks_B=0
heap_tree=detailed
n3: 9650 (heap allocation functions) malloc/new/new[], --alloc-fns, etc.
 n1: 8192 0x48C548B: _IO_file_doallocate (filedoalloc.c:101)
  n1: 8192 0x48D40BF: _IO_doallocbuf (genops.c:347)
   n2: 8192 0x48D40BF: _IO_doallocbuf (genops.c:342)
    n1: 4096 0x48D2E7B: _IO_file_underflow@@GLIBC_2.2.5 (fileops.c:485)
     n1: 4096 0x48D4171: _IO_default_uflow (genops.c:362)
      n1: 4096 0x109876: readLineBit (in /mnt/c/Users/golas/JIMP/LabiryntJimp2/bin/bin.exe)
       n1: 4096 0x109CA1: parseFile (in /mnt/c/Users/golas/JIMP/LabiryntJimp2/bin/bin.exe)
        n0: 4096 0x10953F: main (in /mnt/c/Users/golas/JIMP/LabiryntJimp2/bin/bin.exe)
    n1: 4096 0x48D3157: _IO_file_overflow@@GLIBC_2.2.5 (fileops.c:744)
     n1: 4096 0x48D229D: _IO_new_file_xsputn (fileops.c:1243)
      n1: 4096 0x48D229D: _IO_file_xsputn@@GLIBC_2.2.5 (fileops.c:1196)
       n1: 4096 0x48C6A64: fwrite (iofwrite.c:39)
        n1: 4096 0x109D03: parseFile (in /mnt/c/Users/golas/JIMP/LabiryntJimp2/bin/bin.exe)
         n0: 4096 0x10953F: main (in /mnt/c/Users/golas/JIMP/LabiryntJimp2/bin/bin.exe)
 n1: 944 0x48C5F7A: __fopen_internal (iofopen.c:65)
  n2: 944 0x10A090: openFile (in /mnt/c/Users/golas/JIMP/LabiryntJimp2/bin/bin.exe)
   n1: 472 0x109C2A: parseFile (in /mnt/c/Users/golas/JIMP/LabiryntJimp2/bin/bin.exe)
    n0: 472 0x10953F: main (in /mnt/c/Users/golas/JIMP/LabiryntJimp2/bin/bin.exe)
   n1: 472 0x109C47: parseFile (in /mnt/c/Users/golas/JIMP/LabiryntJimp2/bin/bin.exe)
    n0: 472 0x10953F: main (in /mnt/c/Users/golas/JIMP/LabiryntJimp2/bin/bin.exe)
 n2: 514 0x109628: readLineBit (in /mnt/c/Users/golas/JIMP/LabiryntJimp2/bin/bin.exe)
  n1: 514 0x109D5D: parseFile (in /mnt/c/Users/golas/JIMP/LabiryntJimp2/bin/bin.exe)
   n0: 514 0x10953F: main (in /mnt/c/Users/golas/JIMP/LabiryntJimp2/bin/bin.exe)
  n0: 0 in 3 places, all below massif's threshold (1.00%)
#-----------
snapshot=59
#-----------
time=192316123
mem_heap_B=9650
mem_heap_extra_B=94
mem_stacks_B=0
heap_tree=empty
#-----------
snapshot=60
#-----------
time=194916497
mem_heap_B=9650
mem_heap_extra_B=94
mem_stacks_B=0
heap_tree=empty
#-----------
snapshot=61
#-----------
time=197516876
mem_heap_B=9650
mem_heap_extra_B=94
mem_stacks_B=0
heap_tree=empty
#-----------
snapshot=62
#-----------
time=200117233
mem_heap_B=9650
mem_heap_extra_B=94
mem_stacks_B=0
heap_tree=empty
#-----------
snapshot=63
#-----------
time=202717641
mem_heap_B=9650
mem_heap_extra_B=94
mem_stacks_B=0
heap_tree=empty
#-----------
snapshot=64
#-----------
time=205317984
mem_heap_B=9650
mem_heap_extra_B=94
mem_stacks_B=0
heap_tree=empty
#-----------
snapshot=65
#-----------
time=207918398
mem_heap_B=9650
mem_heap_extra_B=94
mem_stacks_B=0
heap_tree=empty
#-----------
snapshot=66
#-----------
time=210518713
mem_heap_B=9650
mem_heap_extra_B=94
mem_stacks_B=0
heap_tree=empty
#-----------
snapshot=67
#-----------
time=213119098
mem_heap_B=9650
mem_heap_extra_B=94
mem_stacks_B=0
heap_tree=empty
#-----------
snapshot=68
#-----------
time=215719469
mem_heap_B=9650
mem_heap_extra_B=94
mem_stacks_B=0
heap_tree=detailed
n3: 9650 (heap allocation functions) malloc/new/new[], --alloc-fns, etc.
 n1: 8192 0x48C548B: _IO_file_doallocate (filedoalloc.c:101)
  n1: 8192 0x48D40BF: _IO_doallocbuf (genops.c:347)
   n2: 8192 0x48D40BF: _IO_doallocbuf (genops.c:342)
    n1: 4096 0x48D2E7B: _IO_file_underflow@@GLIBC_2.2.5 (fileops.c:485)
     n1: 4096 0x48D4171: _IO_default_uflow (genops.c:362)
      n1: 4096 0x109876: readLineBit (in /mnt/c/Users/golas/JIMP/LabiryntJimp2/bin/bin.exe)
       n1: 4096 0x109CA1: parseFile (in /mnt/c/Users/golas/JIMP/LabiryntJimp2/bin/bin.exe)
        n0: 4096 0x10953F: main (in /mnt/c/Users/golas/JIMP/LabiryntJimp2/bin/bin.exe)
    n1: 4096 0x48D3157: _IO_file_overflow@@GLIBC_2.2.5 (fileops.c:744)
     n1: 4096 0x48D229D: _IO_new_file_xsputn (fileops.c:1243)
      n1: 4096 0x48D229D: _IO_file_xsputn@@GLIBC_2.2.5 (fileops.c:1196)
       n1: 4096 0x48C6A64: fwrite (iofwrite.c:39)
        n1: 4096 0x109D03: parseFile (in /mnt/c/Users/golas/JIMP/LabiryntJimp2/bin/bin.exe)
         n0: 4096 0x10953F: main (in /mnt/c/Users/golas/JIMP/LabiryntJimp2/bin/bin.exe)
 n1: 944 0x48C5F7A: __fopen_internal (iofopen.c:65)
  n2: 944 0x10A090: openFile (in /mnt/c/Users/golas/JIMP/LabiryntJimp2/bin/bin.exe)
   n1: 472 0x109C2A: parseFile (in /mnt/c/Users/golas/JIMP/LabiryntJimp2/bin/bin.exe)
    n0: 472 0x10953F: main (in /mnt/c/Users/golas/JIMP/LabiryntJimp2/bin/bin.exe)
   n1: 472 0x109C47: parseFile (in /mnt/c/Users/golas/JIMP/LabiryntJimp2/bin/bin.exe)
    n0: 472 0x10953F: main (in /mnt/c/Users/golas/JIMP/LabiryntJimp2/bin/bin.exe)
 n2: 514 0x109628: readLineBit (in /mnt/c/Users/golas/JIMP/LabiryntJimp2/bin/bin.exe)
  n1: 514 0x109D5D: parseFile (in /mnt/c/Users/golas/JIMP/LabiryntJimp2/bin/bin.exe)
   n0: 514 0x10953F: main (in /mnt/c/Users/golas/JIMP/LabiryntJimp2/bin/bin.exe)
  n0: 0 in 3 places, all below massif's threshold (1.00%)
#-----------
snapshot=69
#-----------
time=218319871
mem_heap_B=9650
mem_heap_extra_B=94
mem_stacks_B=0
heap_tree=empty
#-----------
snapshot=70
#-----------
time=220920163
mem_heap_B=9650
mem_heap_extra_B=94
mem_stacks_B=0
heap_tree=empty
#-----------
snapshot=71
#-----------
time=223087893
mem_heap_B=15136
mem_heap_extra_B=56
mem_stacks_B=0
heap_tree=empty
#-----------
snapshot=72
#-----------
time=404284940
mem_heap_B=15136
mem_heap_extra_B=56
mem_stacks_B=0
heap_tree=peak
n4: 15136 (heap allocation functions) malloc/new/new[], --alloc-fns, etc.
 n1: 8192 0x48C548B: _IO_file_doallocate (filedoalloc.c:101)
  n1: 8192 0x48D40BF: _IO_doallocbuf (genops.c:347)
   n3: 8192 0x48D40BF: _IO_doallocbuf (genops.c:342)
    n1: 4096 0x48D194B: _IO_file_seekoff@@GLIBC_2.2.5 (fileops.c:937)
     n1: 4096 0x48CE664: fseek (fseek.c:36)
      n1: 4096 0x10A0E2: getNode (in /mnt/c/Users/golas/JIMP/LabiryntJimp2/bin/bin.exe)
       n1: 4096 0x10A34A: bfs (in /mnt/c/Users/golas/JIMP/LabiryntJimp2/bin/bin.exe)
        n0: 4096 0x109593: main (in /mnt/c/Users/golas/JIMP/LabiryntJimp2/bin/bin.exe)
    n1: 4096 0x48D3157: _IO_file_overflow@@GLIBC_2.2.5 (fileops.c:744)
     n1: 4096 0x48D229D: _IO_new_file_xsputn (fileops.c:1243)
      n1: 4096 0x48D229D: _IO_file_xsputn@@GLIBC_2.2.5 (fileops.c:1196)
       n2: 4096 0x48C6A64: fwrite (iofwrite.c:39)
        n1: 4096 0x10AA62: push_q (in /mnt/c/Users/golas/JIMP/LabiryntJimp2/bin/bin.exe)
         n1: 4096 0x10A617: bfs (in /mnt/c/Users/golas/JIMP/LabiryntJimp2/bin/bin.exe)
          n0: 4096 0x109593: main (in /mnt/c/Users/golas/JIMP/LabiryntJimp2/bin/bin.exe)
        n0: 0 in 1 place, below massif's threshold (1.00%)
    n0: 0 in 1 place, below massif's threshold (1.00%)
 n1: 6000 0x10AA9F: create_q (in /mnt/c/Users/golas/JIMP/LabiryntJimp2/bin/bin.exe)
  n1: 6000 0x10A334: bfs (in /mnt/c/Users/golas/JIMP/LabiryntJimp2/bin/bin.exe)
   n0: 6000 0x109593: main (in /mnt/c/Users/golas/JIMP/LabiryntJimp2/bin/bin.exe)
 n1: 944 0x48C5F7A: __fopen_internal (iofopen.c:65)
  n3: 944 0x10A090: openFile (in /mnt/c/Users/golas/JIMP/LabiryntJimp2/bin/bin.exe)
   n0: 472 0x109558: main (in /mnt/c/Users/golas/JIMP/LabiryntJimp2/bin/bin.exe)
   n1: 472 0x10AAF1: create_q (in /mnt/c/Users/golas/JIMP/LabiryntJimp2/bin/bin.exe)
    n1: 472 0x10A334: bfs (in /mnt/c/Users/golas/JIMP/LabiryntJimp2/bin/bin.exe)
     n0: 472 0x109593: main (in /mnt/c/Users/golas/JIMP/LabiryntJimp2/bin/bin.exe)
   n0: 0 in 3 places, all below massif's threshold (1.00%)
 n0: 0 in 1 place, below massif's threshold (1.00%)
